Determining if the C compiler works failed with the following output:
Change Dir: C:/Users/Lilo/Desktop/untitled2 - 副本/cmake-build-debug/CMakeFiles/CMakeTmp

Run Build Command(s):C:/PROGRA~2/MINGW-~1/I686-8~1.0-P/mingw32/bin/mingw32-make.exe cmTC_ee2c6/fast && C:/PROGRA~2/MINGW-~1/I686-8~1.0-P/mingw32/bin/mingw32-make.exe -f CMakeFiles\cmTC_ee2c6.dir\build.make CMakeFiles/cmTC_ee2c6.dir/build
mingw32-make.exe[1]: Entering directory 'C:/Users/Lilo/Desktop/untitled2 - 副本/cmake-build-debug/CMakeFiles/CMakeTmp'
Building C object CMakeFiles/cmTC_ee2c6.dir/testCCompiler.c.obj
C:\PROGRA~2\MINGW-~1\I686-8~1.0-P\mingw32\bin\gcc.exe    -o CMakeFiles\cmTC_ee2c6.dir\testCCompiler.c.obj   -c "C:\Users\Lilo\Desktop\untitled2 - 鍓湰\cmake-build-debug\CMakeFiles\CMakeTmp\testCCompiler.c"
gcc.exe: error: C:\Users\Lilo\Desktop\untitled2 - 鍓湰\cmake-build-debug\CMakeFiles\CMakeTmp\testCCompiler.c: No such file or directory
gcc.exe: fatal error: no input files
compilation terminated.
mingw32-make.exe[1]: *** [CMakeFiles\cmTC_ee2c6.dir\build.make:65: CMakeFiles/cmTC_ee2c6.dir/testCCompiler.c.obj] Error 1
mingw32-make.exe[1]: Leaving directory 'C:/Users/Lilo/Desktop/untitled2 - 副本/cmake-build-debug/CMakeFiles/CMakeTmp'
mingw32-make.exe: *** [Makefile:120: cmTC_ee2c6/fast] Error 2



Determining if the C compiler works failed with the following output:
Change Dir: C:/Users/Lilo/Desktop/untitled2 - 副本/cmake-build-debug/CMakeFiles/CMakeTmp

Run Build Command(s):C:/PROGRA~2/MINGW-~1/I686-8~1.0-P/mingw32/bin/mingw32-make.exe cmTC_170a9/fast && C:/PROGRA~2/MINGW-~1/I686-8~1.0-P/mingw32/bin/mingw32-make.exe -f CMakeFiles\cmTC_170a9.dir\build.make CMakeFiles/cmTC_170a9.dir/build
mingw32-make.exe[1]: Entering directory 'C:/Users/Lilo/Desktop/untitled2 - 副本/cmake-build-debug/CMakeFiles/CMakeTmp'
Building C object CMakeFiles/cmTC_170a9.dir/testCCompiler.c.obj
C:\PROGRA~2\MINGW-~1\I686-8~1.0-P\mingw32\bin\gcc.exe    -o CMakeFiles\cmTC_170a9.dir\testCCompiler.c.obj   -c "C:\Users\Lilo\Desktop\untitled2 - 鍓湰\cmake-build-debug\CMakeFiles\CMakeTmp\testCCompiler.c"
gcc.exe: error: C:\Users\Lilo\Desktop\untitled2 - 鍓湰\cmake-build-debug\CMakeFiles\CMakeTmp\testCCompiler.c: No such file or directory
gcc.exe: fatal error: no input files
compilation terminated.
mingw32-make.exe[1]: *** [CMakeFiles\cmTC_170a9.dir\build.make:65: CMakeFiles/cmTC_170a9.dir/testCCompiler.c.obj] Error 1
mingw32-make.exe[1]: Leaving directory 'C:/Users/Lilo/Desktop/untitled2 - 副本/cmake-build-debug/CMakeFiles/CMakeTmp'
mingw32-make.exe: *** [Makefile:120: cmTC_170a9/fast] Error 2



